<?xml version="1.0" encoding="UTF-8"?>
<testng-results total="1" passed="1" failed="0" skipped="0">
  <reporter-output>
  </reporter-output>
  <suite started-at="2020-02-15T19:58:18Z" name="Default suite" finished-at="2020-02-15T19:58:46Z" duration-ms="28779">
    <groups>
    </groups>
    <test started-at="2020-02-15T19:58:18Z" name="Default test" finished-at="2020-02-15T19:58:46Z" duration-ms="28779">
      <class name="LoginTest">
        <test-method signature="loginTest()" started-at="2020-02-15T19:58:18Z" name="loginTest" finished-at="2020-02-15T19:58:46Z" duration-ms="28748" status="PASS">
        </test-method>
      </class>
    </test>
  </suite>
</testng-results>
